[02-Feb-2018 18:40:06 UTC] PHP Warning:  mysql_query(): Access denied for user ''@'localhost' (using password: NO) in /home/ubuntu/workspace/accounts/login.php on line 72
[02-Feb-2018 18:40:06 UTC] PHP Stack trace:
[02-Feb-2018 18:40:06 UTC] PHP   1. {main}() /home/ubuntu/workspace/accounts/login.php:0
[02-Feb-2018 18:40:06 UTC] PHP   2. mysql_query() /home/ubuntu/workspace/accounts/login.php:72
[02-Feb-2018 18:40:06 UTC] PHP Warning:  mysql_query(): A link to the server could not be established in /home/ubuntu/workspace/accounts/login.php on line 72
[02-Feb-2018 18:40:06 UTC] PHP Stack trace:
[02-Feb-2018 18:40:06 UTC] PHP   1. {main}() /home/ubuntu/workspace/accounts/login.php:0
[02-Feb-2018 18:40:06 UTC] PHP   2. mysql_query() /home/ubuntu/workspace/accounts/login.php:72
[02-Feb-2018 18:40:06 UTC] PHP Warning:  mysql_fetch_array() expects parameter 1 to be resource, boolean given in /home/ubuntu/workspace/accounts/login.php on line 73
[02-Feb-2018 18:40:06 UTC] PHP Stack trace:
[02-Feb-2018 18:40:06 UTC] PHP   1. {main}() /home/ubuntu/workspace/accounts/login.php:0
[02-Feb-2018 18:40:06 UTC] PHP   2. mysql_fetch_array() /home/ubuntu/workspace/accounts/login.php:73
[02-Feb-2018 18:40:06 UTC] PHP Warning:  mysql_num_rows() expects parameter 1 to be resource, boolean given in /home/ubuntu/workspace/accounts/login.php on line 74
[02-Feb-2018 18:40:06 UTC] PHP Stack trace:
[02-Feb-2018 18:40:06 UTC] PHP   1. {main}() /home/ubuntu/workspace/accounts/login.php:0
[02-Feb-2018 18:40:06 UTC] PHP   2. mysql_num_rows() /home/ubuntu/workspace/accounts/login.php:74
[02-Feb-2018 18:41:16 UTC] PHP Warning:  mysql_query(): Access denied for user ''@'localhost' (using password: NO) in /home/ubuntu/workspace/accounts/login.php on line 72
[02-Feb-2018 18:41:16 UTC] PHP Stack trace:
[02-Feb-2018 18:41:16 UTC] PHP   1. {main}() /home/ubuntu/workspace/accounts/login.php:0
[02-Feb-2018 18:41:16 UTC] PHP   2. mysql_query() /home/ubuntu/workspace/accounts/login.php:72
[02-Feb-2018 18:41:16 UTC] PHP Warning:  mysql_query(): A link to the server could not be established in /home/ubuntu/workspace/accounts/login.php on line 72
[02-Feb-2018 18:41:16 UTC] PHP Stack trace:
[02-Feb-2018 18:41:16 UTC] PHP   1. {main}() /home/ubuntu/workspace/accounts/login.php:0
[02-Feb-2018 18:41:16 UTC] PHP   2. mysql_query() /home/ubuntu/workspace/accounts/login.php:72
[02-Feb-2018 18:41:16 UTC] PHP Warning:  mysql_fetch_array() expects parameter 1 to be resource, boolean given in /home/ubuntu/workspace/accounts/login.php on line 73
[02-Feb-2018 18:41:16 UTC] PHP Stack trace:
[02-Feb-2018 18:41:16 UTC] PHP   1. {main}() /home/ubuntu/workspace/accounts/login.php:0
[02-Feb-2018 18:41:16 UTC] PHP   2. mysql_fetch_array() /home/ubuntu/workspace/accounts/login.php:73
[02-Feb-2018 18:41:16 UTC] PHP Warning:  mysql_num_rows() expects parameter 1 to be resource, boolean given in /home/ubuntu/workspace/accounts/login.php on line 74
[02-Feb-2018 18:41:16 UTC] PHP Stack trace:
[02-Feb-2018 18:41:16 UTC] PHP   1. {main}() /home/ubuntu/workspace/accounts/login.php:0
[02-Feb-2018 18:41:16 UTC] PHP   2. mysql_num_rows() /home/ubuntu/workspace/accounts/login.php:74
[06-Feb-2018 12:05:58 UTC] PHP Parse error:  syntax error, unexpected 'else' (T_ELSE) in /home/ubuntu/workspace/accounts/login.php on line 43
[06-Feb-2018 17:52:32 UTC] PHP Parse error:  syntax error, unexpected ')' in /home/ubuntu/workspace/accounts/login.php on line 38
[07-Feb-2018 18:01:18 UTC] PHP Warning:  mysqli_query() expects parameter 1 to be mysqli, null given in /home/ubuntu/workspace/inc/index.php on line 5
[07-Feb-2018 18:01:18 UTC] PHP Stack trace:
[07-Feb-2018 18:01:18 UTC] PHP   1. {main}() /home/ubuntu/workspace/inc/index.php:0
[07-Feb-2018 18:01:18 UTC] PHP   2. mysqli_query() /home/ubuntu/workspace/inc/index.php:5
[07-Feb-2018 18:01:18 UTC] PHP Warning:  mysqli_fetch_assoc() expects parameter 1 to be mysqli_result, null given in /home/ubuntu/workspace/inc/index.php on line 6
[07-Feb-2018 18:01:18 UTC] PHP Stack trace:
[07-Feb-2018 18:01:18 UTC] PHP   1. {main}() /home/ubuntu/workspace/inc/index.php:0
[07-Feb-2018 18:01:18 UTC] PHP   2. mysqli_fetch_assoc() /home/ubuntu/workspace/inc/index.php:6
[07-Feb-2018 18:02:54 UTC] PHP Warning:  mysqli_query() expects parameter 1 to be mysqli, null given in /home/ubuntu/workspace/inc/index.php on line 5
[07-Feb-2018 18:02:54 UTC] PHP Stack trace:
[07-Feb-2018 18:02:54 UTC] PHP   1. {main}() /home/ubuntu/workspace/inc/index.php:0
[07-Feb-2018 18:02:54 UTC] PHP   2. mysqli_query() /home/ubuntu/workspace/inc/index.php:5
[07-Feb-2018 18:02:54 UTC] PHP Warning:  mysqli_fetch_assoc() expects parameter 1 to be mysqli_result, null given in /home/ubuntu/workspace/inc/index.php on line 6
[07-Feb-2018 18:02:54 UTC] PHP Stack trace:
[07-Feb-2018 18:02:54 UTC] PHP   1. {main}() /home/ubuntu/workspace/inc/index.php:0
[07-Feb-2018 18:02:54 UTC] PHP   2. mysqli_fetch_assoc() /home/ubuntu/workspace/inc/index.php:6
[07-Feb-2018 19:09:26 UTC] PHP Warning:  mysqli_query() expects parameter 1 to be mysqli, null given in /home/ubuntu/workspace/inc/index.php on line 5
[07-Feb-2018 19:09:26 UTC] PHP Stack trace:
[07-Feb-2018 19:09:26 UTC] PHP   1. {main}() /home/ubuntu/workspace/inc/index.php:0
[07-Feb-2018 19:09:26 UTC] PHP   2. mysqli_query() /home/ubuntu/workspace/inc/index.php:5
[07-Feb-2018 19:09:26 UTC] PHP Warning:  mysqli_fetch_assoc() expects parameter 1 to be mysqli_result, null given in /home/ubuntu/workspace/inc/index.php on line 6
[07-Feb-2018 19:09:26 UTC] PHP Stack trace:
[07-Feb-2018 19:09:26 UTC] PHP   1. {main}() /home/ubuntu/workspace/inc/index.php:0
[07-Feb-2018 19:09:26 UTC] PHP   2. mysqli_fetch_assoc() /home/ubuntu/workspace/inc/index.php:6
[16-Feb-2018 16:01:58 UTC] PHP Warning:  mysqli_query() expects parameter 1 to be mysqli, null given in /home/ubuntu/workspace/inc/index.php on line 5
[16-Feb-2018 16:01:58 UTC] PHP Stack trace:
[16-Feb-2018 16:01:58 UTC] PHP   1. {main}() /home/ubuntu/workspace/inc/index.php:0
[16-Feb-2018 16:01:58 UTC] PHP   2. mysqli_query() /home/ubuntu/workspace/inc/index.php:5
[16-Feb-2018 16:01:58 UTC] PHP Warning:  mysqli_fetch_assoc() expects parameter 1 to be mysqli_result, null given in /home/ubuntu/workspace/inc/index.php on line 6
[16-Feb-2018 16:01:58 UTC] PHP Stack trace:
[16-Feb-2018 16:01:58 UTC] PHP   1. {main}() /home/ubuntu/workspace/inc/index.php:0
[16-Feb-2018 16:01:58 UTC] PHP   2. mysqli_fetch_assoc() /home/ubuntu/workspace/inc/index.php:6
[19-Feb-2018 13:23:29 UTC] PHP Warning:  mysqli_connect(): (HY000/1045): Access denied for user ''@'localhost' (using password: NO) in /home/ubuntu/workspace/inc/db.php on line 17
[19-Feb-2018 13:23:29 UTC] PHP Stack trace:
[19-Feb-2018 13:23:29 UTC] PHP   1. {main}() /home/ubuntu/workspace/accounts/signup.php:0
[19-Feb-2018 13:23:29 UTC] PHP   2. include() /home/ubuntu/workspace/accounts/signup.php:2
[19-Feb-2018 13:23:29 UTC] PHP   3. mysqli_connect() /home/ubuntu/workspace/inc/db.php:17
[19-Feb-2018 13:23:29 UTC] PHP Fatal error:  Call to a member function set_charset() on a non-object in /home/ubuntu/workspace/inc/db.php on line 18
[19-Feb-2018 13:23:29 UTC] PHP Stack trace:
[19-Feb-2018 13:23:29 UTC] PHP   1. {main}() /home/ubuntu/workspace/accounts/signup.php:0
[19-Feb-2018 13:23:29 UTC] PHP   2. include() /home/ubuntu/workspace/accounts/signup.php:2
